0 info it worked if it ends with ok
1 verbose cli [ 'E:\\Study Materials\\cloud\\NodeJS\\\\node.exe',
1 verbose cli   'E:\\Study Materials\\cloud\\NodeJS\\node_modules\\npm\\bin\\npm-cli.js',
1 verbose cli   'install',
1 verbose cli   '-g',
1 verbose cli   'node-inspector' ]
2 info using npm@2.7.4
3 info using node@v0.12.2
4 verbose node symlink E:\Study Materials\cloud\NodeJS\\node.exe
5 silly cache add args [ 'node-inspector', null ]
6 verbose cache add spec node-inspector
7 silly cache add parsed spec { raw: 'node-inspector',
7 silly cache add   scope: null,
7 silly cache add   name: 'node-inspector',
7 silly cache add   rawSpec: '',
7 silly cache add   spec: '*',
7 silly cache add   type: 'range' }
8 verbose addNamed node-inspector@*
9 silly addNamed semver.valid null
10 silly addNamed semver.validRange *
11 silly addNameRange { name: 'node-inspector', range: '*', hasData: false }
12 silly mapToRegistry name node-inspector
13 silly mapToRegistry using default registry
14 silly mapToRegistry registry https://registry.npmjs.org/
15 silly mapToRegistry uri https://registry.npmjs.org/node-inspector
16 verbose addNameRange registry:https://registry.npmjs.org/node-inspector not in flight; fetching
17 verbose request uri https://registry.npmjs.org/node-inspector
18 verbose request no auth needed
19 info attempt registry request try #1 at 00:33:50
20 verbose request id 83803eaeb21b715b
21 verbose etag "2NRSF19AKNS8CZVL2JY2BG0I4"
22 http request GET https://registry.npmjs.org/node-inspector
23 http 304 https://registry.npmjs.org/node-inspector
24 silly get cb [ 304,
24 silly get   { date: 'Fri, 05 Jun 2015 16:33:52 GMT',
24 silly get     via: '1.1 varnish',
24 silly get     'cache-control': 'max-age=60',
24 silly get     etag: '"2NRSF19AKNS8CZVL2JY2BG0I4"',
24 silly get     age: '41',
24 silly get     connection: 'keep-alive',
24 silly get     'x-served-by': 'cache-sjc3132-SJC',
24 silly get     'x-cache': 'HIT',
24 silly get     'x-cache-hits': '1',
24 silly get     'x-timer': 'S1433522032.004470,VS0,VE0',
24 silly get     vary: 'Accept' } ]
25 verbose etag https://registry.npmjs.org/node-inspector from cache
26 verbose get saving node-inspector to C:\Users\toshiba\AppData\Roaming\npm-cache\registry.npmjs.org\node-inspector\.cache.json
27 silly addNameRange number 2 { name: 'node-inspector', range: '*', hasData: true }
28 silly addNameRange versions [ 'node-inspector',
28 silly addNameRange   [ '0.0.1',
28 silly addNameRange     '0.0.2',
28 silly addNameRange     '0.0.3',
28 silly addNameRange     '0.0.4',
28 silly addNameRange     '0.1.0',
28 silly addNameRange     '0.1.1',
28 silly addNameRange     '0.1.2',
28 silly addNameRange     '0.1.3',
28 silly addNameRange     '0.1.4',
28 silly addNameRange     '0.1.5',
28 silly addNameRange     '0.1.6',
28 silly addNameRange     '0.1.7',
28 silly addNameRange     '0.1.8',
28 silly addNameRange     '0.1.9',
28 silly addNameRange     '0.1.10',
28 silly addNameRange     '0.3.0',
28 silly addNameRange     '0.3.1',
28 silly addNameRange     '0.3.2',
28 silly addNameRange     '0.3.3',
28 silly addNameRange     '0.3.4',
28 silly addNameRange     '0.4.0',
28 silly addNameRange     '0.5.0',
28 silly addNameRange     '0.6.0',
28 silly addNameRange     '0.6.1',
28 silly addNameRange     '0.6.2',
28 silly addNameRange     '0.7.0-1',
28 silly addNameRange     '0.2.0-beta1',
28 silly addNameRange     '0.2.0-beta2',
28 silly addNameRange     '0.2.0-beta3',
28 silly addNameRange     '0.2.0-beta4',
28 silly addNameRange     '0.3.0-preview1',
28 silly addNameRange     '0.7.0-2',
28 silly addNameRange     '0.7.0',
28 silly addNameRange     '0.7.1',
28 silly addNameRange     '0.7.2',
28 silly addNameRange     '0.7.3',
28 silly addNameRange     '0.7.4',
28 silly addNameRange     '0.8.0',
28 silly addNameRange     '0.8.1',
28 silly addNameRange     '0.8.3',
28 silly addNameRange     '0.9.0',
28 silly addNameRange     '0.9.1',
28 silly addNameRange     '0.9.2',
28 silly addNameRange     '0.10.0',
28 silly addNameRange     '0.10.1' ] ]
29 verbose addNamed node-inspector@0.10.1
30 silly addNamed semver.valid 0.10.1
31 silly addNamed semver.validRange 0.10.1
32 silly mapToRegistry name node-inspector
33 silly mapToRegistry using default registry
34 silly mapToRegistry registry https://registry.npmjs.org/
35 silly mapToRegistry uri https://registry.npmjs.org/node-inspector
36 verbose addRemoteTarball https://registry.npmjs.org/node-inspector/-/node-inspector-0.10.1.tgz not in flight; adding
37 verbose addRemoteTarball [ 'https://registry.npmjs.org/node-inspector/-/node-inspector-0.10.1.tgz',
37 verbose addRemoteTarball   '16d60ad17f82e9ecd9047a206bc16accf3b426b3' ]
38 info retry fetch attempt 1 at 00:33:52
39 info attempt registry request try #1 at 00:33:52
40 http fetch GET https://registry.npmjs.org/node-inspector/-/node-inspector-0.10.1.tgz
41 http fetch 200 https://registry.npmjs.org/node-inspector/-/node-inspector-0.10.1.tgz
42 silly fetchAndShaCheck shasum 16d60ad17f82e9ecd9047a206bc16accf3b426b3
43 verbose stack Error: shasum check failed for C:\Users\toshiba\AppData\Local\Temp\npm-512-2b31a2b4\registry.npmjs.org\node-inspector\-\node-inspector-0.10.1.tgz
43 verbose stack Expected: 16d60ad17f82e9ecd9047a206bc16accf3b426b3
43 verbose stack Actual:   467ac828a2a5dd690c6336b0476dbf6188ee4634
43 verbose stack From:     https://registry.npmjs.org/node-inspector/-/node-inspector-0.10.1.tgz
43 verbose stack     at E:\Study Materials\cloud\NodeJS\node_modules\npm\node_modules\sha\index.js:38:8
43 verbose stack     at ReadStream.<anonymous> (E:\Study Materials\cloud\NodeJS\node_modules\npm\node_modules\sha\index.js:85:7)
43 verbose stack     at ReadStream.emit (events.js:129:20)
43 verbose stack     at _stream_readable.js:908:16
43 verbose stack     at process._tickCallback (node.js:355:11)
44 verbose cwd E:\Study Materials\Client side\Practice\recipes
45 error Windows_NT 6.1.7601
46 error argv "E:\\Study Materials\\cloud\\NodeJS\\\\node.exe" "E:\\Study Materials\\cloud\\NodeJS\\node_modules\\npm\\bin\\npm-cli.js" "install" "-g" "node-inspector"
47 error node v0.12.2
48 error npm  v2.7.4
49 error shasum check failed for C:\Users\toshiba\AppData\Local\Temp\npm-512-2b31a2b4\registry.npmjs.org\node-inspector\-\node-inspector-0.10.1.tgz
49 error Expected: 16d60ad17f82e9ecd9047a206bc16accf3b426b3
49 error Actual:   467ac828a2a5dd690c6336b0476dbf6188ee4634
49 error From:     https://registry.npmjs.org/node-inspector/-/node-inspector-0.10.1.tgz
50 error If you need help, you may report this error at:
50 error     <https://github.com/npm/npm/issues>
51 verbose exit [ 1, true ]
